<?xml version="1.0" encoding="UTF-8"?>
<testng-results ignored="0" total="2" passed="2" failed="0" skipped="0">
  <reporter-output>
  </reporter-output>
  <suite started-at="2022-06-14T08:14:20 IST" name="Default suite" finished-at="2022-06-14T08:14:20 IST" duration-ms="39">
    <groups>
    </groups>
    <test started-at="2022-06-14T08:14:20 IST" name="Default test" finished-at="2022-06-14T08:14:20 IST" duration-ms="39">
      <class name="TestNG.Basic">
        <test-method is-config="true" signature="beforeClass()[pri:0, instance:TestNG.Basic@2e222612]" started-at="2022-06-14T08:14:20 IST" name="beforeClass" finished-at="2022-06-14T08:14:20 IST" duration-ms="6" status="PASS">
          <reporter-output>
          </reporter-output>
        </test-method> <!-- beforeClass -->
        <test-method is-config="true" signature="beforeMethod()[pri:0, instance:TestNG.Basic@2e222612]" started-at="2022-06-14T08:14:20 IST" name="beforeMethod" finished-at="2022-06-14T08:14:20 IST" duration-ms="1" status="PASS">
          <reporter-output>
          </reporter-output>
        </test-method> <!-- beforeMethod -->
        <test-method signature="TestCase1()[pri:0, instance:TestNG.Basic@2e222612]" started-at="2022-06-14T08:14:20 IST" name="TestCase1" finished-at="2022-06-14T08:14:20 IST" duration-ms="5" status="PASS">
          <reporter-output>
          </reporter-output>
        </test-method> <!-- TestCase1 -->
        <test-method is-config="true" signature="afterMethod()[pri:0, instance:TestNG.Basic@2e222612]" started-at="2022-06-14T08:14:20 IST" name="afterMethod" finished-at="2022-06-14T08:14:20 IST" duration-ms="0" status="PASS">
          <reporter-output>
          </reporter-output>
        </test-method> <!-- afterMethod -->
        <test-method signature="TestCase2()[pri:0, instance:TestNG.Basic@2e222612]" started-at="2022-06-14T08:14:20 IST" name="TestCase2" finished-at="2022-06-14T08:14:20 IST" duration-ms="1" status="PASS">
          <reporter-output>
          </reporter-output>
        </test-method> <!-- TestCase2 -->
        <test-method is-config="true" signature="beforeMethod()[pri:0, instance:TestNG.Basic@2e222612]" started-at="2022-06-14T08:14:20 IST" name="beforeMethod" finished-at="2022-06-14T08:14:20 IST" duration-ms="0" status="PASS">
          <reporter-output>
          </reporter-output>
        </test-method> <!-- beforeMethod -->
        <test-method is-config="true" signature="afterMethod()[pri:0, instance:TestNG.Basic@2e222612]" started-at="2022-06-14T08:14:20 IST" name="afterMethod" finished-at="2022-06-14T08:14:20 IST" duration-ms="0" status="PASS">
          <reporter-output>
          </reporter-output>
        </test-method> <!-- afterMethod -->
        <test-method is-config="true" signature="afterClass()[pri:0, instance:TestNG.Basic@2e222612]" started-at="2022-06-14T08:14:20 IST" name="afterClass" finished-at="2022-06-14T08:14:20 IST" duration-ms="0" status="PASS">
          <reporter-output>
          </reporter-output>
        </test-method> <!-- afterClass -->
      </class> <!-- TestNG.Basic -->
    </test> <!-- Default test -->
  </suite> <!-- Default suite -->
</testng-results>
